2023-08-16 16:13:25,032 [INFO] Initialized logging. log_filename = gas_prepared_2-way10-shot_T6n450q_E2n450q_V8n100q/run_log.log
2023-08-16 16:13:25,032 [INFO] Running script with following parameters
{'gas_datasets_dir': 'gas',
 'gas_files_list': ['gas/gas1.csv'],
 'hdf_key': 'gas',
 'k_shot': 10,
 'n_test': 2,
 'n_train': 6,
 'n_val': 8,
 'output_dir': 'gas_prepared_2-way10-shot_T6n450q_E2n450q_V8n100q',
 'output_dir_prefix': 'gas_prepared',
 'q_test': 450,
 'q_train': 450,
 'q_val': 100}
2023-08-16 16:13:25,032 [INFO] Loading datasets
2023-08-16 16:13:25,032 [INFO] Loading datasets in files
2023-08-16 16:13:25,177 [INFO] None
2023-08-16 16:13:25,178 [INFO] Loading datasets complete
2023-08-16 16:13:25,185 [INFO] Total count = 97019
2023-08-16 16:13:25,191 [INFO] Note: NumExpr detected 12 cores but "NUMEXPR_MAX_THREADS" not set, so enforcing safe limit of 8.
2023-08-16 16:13:25,191 [INFO] NumExpr defaulting to 8 threads.
2023-08-16 16:13:25,192 [INFO] Label counts below
2023-08-16 16:13:25,192 [INFO] 
Normal    61156
CMRI      15466
MPCI       7637
Recon      6805
NMR        2763
DOS        1837
MSCI        782
MFCI        573
Name: Label, dtype: int64
2023-08-16 16:13:25,218 [INFO] Label percentages below
2023-08-16 16:13:25,218 [INFO] 
Normal   0.6304
CMRI     0.1594
MPCI     0.0787
Recon    0.0701
NMR      0.0285
DOS      0.0189
MSCI     0.0081
MFCI     0.0059
Name: Label, dtype: float64
2023-08-16 16:13:25,695 [INFO] Train set :
DOS       460
Recon     460
CMRI      460
MPCI      460
Normal    460
NMR       460
Name: Label, dtype: int64
2023-08-16 16:13:25,696 [INFO] Test set :
MSCI    460
MFCI    460
Name: Label, dtype: int64
2023-08-16 16:13:25,696 [INFO] Validation set :
NMR       110
Recon     110
MSCI      110
MFCI      110
CMRI      110
MPCI      110
DOS       110
Normal    110
Name: Label, dtype: int64
2023-08-16 16:13:25,703 [INFO] Remaining df :
Normal    60586
CMRI      14896
MPCI       7067
Recon      6235
NMR        2193
DOS        1267
MSCI        212
MFCI          3
Name: Label, dtype: int64
2023-08-16 16:13:25,703 [INFO] Saving prepared datasets (train, val, test) to: gas_prepared_2-way10-shot_T6n450q_E2n450q_V8n100q
2023-08-16 16:13:25,703 [INFO] Writing dataset to HDF5 format. filename=gas_prepared_2-way10-shot_T6n450q_E2n450q_V8n100q/x_meta_train.h5
2023-08-16 16:13:25,754 [INFO] Writing complete. time_to_write=0.05086255073547363
2023-08-16 16:13:25,754 [INFO] Writing dataset to HDF5 format. filename=gas_prepared_2-way10-shot_T6n450q_E2n450q_V8n100q/y_meta_train.h5
2023-08-16 16:13:25,766 [INFO] Writing complete. time_to_write=0.012085914611816406
2023-08-16 16:13:25,766 [INFO] Writing dataset to HDF5 format. filename=gas_prepared_2-way10-shot_T6n450q_E2n450q_V8n100q/x_meta_test.h5
2023-08-16 16:13:25,775 [INFO] Writing complete. time_to_write=0.009006261825561523
2023-08-16 16:13:25,775 [INFO] Writing dataset to HDF5 format. filename=gas_prepared_2-way10-shot_T6n450q_E2n450q_V8n100q/y_meta_test.h5
2023-08-16 16:13:25,780 [INFO] Writing complete. time_to_write=0.0049588680267333984
2023-08-16 16:13:25,780 [INFO] Writing dataset to HDF5 format. filename=gas_prepared_2-way10-shot_T6n450q_E2n450q_V8n100q/x_meta_val.h5
2023-08-16 16:13:25,790 [INFO] Writing complete. time_to_write=0.009480953216552734
2023-08-16 16:13:25,790 [INFO] Writing dataset to HDF5 format. filename=gas_prepared_2-way10-shot_T6n450q_E2n450q_V8n100q/y_meta_val.h5
2023-08-16 16:13:25,795 [INFO] Writing complete. time_to_write=0.004986286163330078
2023-08-16 16:13:25,795 [INFO] Writing dataset to HDF5 format. filename=gas_prepared_2-way10-shot_T6n450q_E2n450q_V8n100q/remaining_df.h5
2023-08-16 16:13:25,980 [INFO] Writing complete. time_to_write=0.18502306938171387
2023-08-16 16:13:25,981 [INFO] Saving complete
2023-08-16 16:13:25,981 [INFO] Meta train dataset shape = (2760, 26)
2023-08-16 16:13:25,981 [INFO] Meta test dataset shape = (920, 26)
2023-08-16 16:13:25,981 [INFO] Meta val dataset shape = (880, 26)
2023-08-16 16:13:25,981 [INFO] 6 Labels used int meta train = 
CMRI, DOS, MPCI, NMR, Normal, Recon
2023-08-16 16:13:25,981 [INFO] 2 Labels used int meta test = 
MFCI, MSCI
2023-08-16 16:13:25,981 [INFO] 8 Labels used int meta val = 
CMRI, DOS, MPCI, NMR, Normal, Recon, MFCI, MSCI
2023-08-16 16:13:25,983 [INFO] Data preparation complete
